T7530 000:000.513   SEGGER J-Link V7.84d Log File
T7530 000:000.633   DLL Compiled: Jan 25 2023 15:51:00
T7530 000:000.639   Logging started @ 2023-04-24 08:27
T7530 000:000.644 - 0.647ms
T7530 000:000.656 JLINK_GetDLLVersion()
T7530 000:000.663 - 0.009ms returns 78404
T7530 000:001.451 JLINK_OpenEx(...)
T7530 000:010.917   Firmware: J-Link OB-S124 compiled Dec  7 2022 12:53:45
T7530 000:012.365   Firmware: J-Link OB-S124 compiled Dec  7 2022 12:53:45
T7530 000:038.169   Hardware: V1.00
T7530 000:038.211   S/N: 831855941
T7530 000:038.226   OEM: SEGGER
T7530 000:038.240   Feature(s): None
T7530 000:042.838   TELNET listener socket opened on port 19021
T7530 000:043.130   WEBSRV WEBSRV_Init(): Starting webserver thread(s)
T7530 000:043.345   WEBSRV Webserver running on local port 19080
T7530 000:076.367 - 74.941ms returns "O.K."
T7530 000:076.542 JLINK_ExecCommand("ProjectFile=E:\Arducam\gitlab\Arducam_Mega\Arducam_Mega\examples\renesas\EK-RA6M4_arducam_mega/ArducamMega Debug_Flat.jlink", ...). 
T7530 000:089.497 - 12.970ms returns 0x00
T7530 000:090.019 JLINK_ExecCommand("device=R7FA6M4AF", ...). 
T7530 000:090.592   Flash bank @ 0x60000000: SFL: Parsing sectorization info from ELF file
T7530 000:090.617     FlashDevice.SectorInfo[0]: .SectorSize = 0x00010000, .SectorStartAddr = 0x00000000
T7530 000:090.629   OFL: Init() N/A
T7530 000:090.637   OFL: UnInit() N/A
T7530 000:090.646   OFL: EraseSector() N/A
T7530 000:090.654   OFL: ProgramPage() N/A
T7530 000:090.662   OFL: EraseChip() N/A
T7530 000:090.670   OFL: BlankCheck() N/A
T7530 000:090.678   OFL: Verify() N/A
T7530 000:090.687   OFL: SEGGER_FL_Erase() present @ offset 0x000004DD
T7530 000:090.696   OFL: SEGGER_FL_Program() present @ offset 0x000004C1
T7530 000:090.704   OFL: SEGGER_FL_Read() N/A
T7530 000:090.713   OFL: SEGGER_OPEN_Read() N/A
T7530 000:090.721   OFL: SEGGER_FL_CalcCRC() present @ offset 0x00000505
T7530 000:090.730   OFL: SEGGER_FL_Start() present @ offset 0x0000051D
T7530 000:090.738   OFL: SEGGER_FL_GetFlashInfo() present @ offset 0x000001B9
T7530 000:090.746   OFL: SEGGER_FL_Verify() N/A
T7530 000:090.754   OFL: SEGGER_FL_CheckBlank() present @ offset 0x000004F1
T7530 000:090.763   OFL: SEGGER_FL_Prepare() present @ offset 0x000001DD
T7530 000:090.771   OFL: SEGGER_FL_Restore() present @ offset 0x0000038D
T7530 000:090.780   OFL: SEGGER_FL_EraseChip() N/A
T7530 000:094.347   Device "R7FA6M4AF" selected.
T7530 000:094.820 - 4.795ms returns 0x00
T7530 000:094.861 JLINK_ReadMem(0xE000EDF0, 0x4 Bytes, ...)
T7530 000:096.064   ConfigTargetSettings() start
T7530 000:096.087    J-Link Script File: Executing ConfigTargetSettings()
T7530 000:096.100   Configuring FlashDLNoRMWThreshold=0x200 in order to make sure that option bytes programming is done via read-modify-write
T7530 000:114.367   ConfigTargetSettings() end
T7530 000:119.385   InitTarget() start
T7530 000:119.426    J-Link Script File: Executing InitTarget()
T7530 000:119.445   SWD selected. Executing JTAG -> SWD switching sequence.
T7530 000:129.825   DAP initialized successfully.
T7530 000:129.868   Determining TrustZone configuration...
T7530 000:135.775     Secure Debug: Enabled (SSD)
T7530 000:135.811   Determining currently configured transfer type by reading the AHB-AP CSW register.
T7530 000:140.523     --> Correct transfer type configured. Done.
T7530 000:140.550   InitTarget() end
T7530 000:144.370   Found SW-DP with ID 0x6BA02477
T7530 000:156.492   DPIDR: 0x6BA02477
T7530 000:156.518   CoreSight SoC-400 or earlier
T7530 000:156.526   Scanning AP map to find all available APs
T7530 000:162.472   AP[2]: Stopped AP scan as end of AP map has been reached
T7530 000:162.517   AP[0]: AHB-AP (IDR: 0x84770001)
T7530 000:162.533   AP[1]: APB-AP (IDR: 0x54770002)
T7530 000:162.548   Iterating through AP map to find AHB-AP to use
T7530 000:167.299   AP[0]: Core found
T7530 000:167.331   AP[0]: AHB-AP ROM base: 0xE00FE000
T7530 000:169.616   CPUID register: 0x410FD214. Implementer code: 0x41 (ARM)
T7530 000:169.645   Feature set: Mainline
T7530 000:169.715   Found Cortex-M33 r0p4, Little endian.
T7530 000:171.956   -- Max. mem block: 0x00001B68
T7530 000:175.089   CPU_ReadMem(4 bytes @ 0xE000EDF0)
T7530 000:177.814   CPU_ReadMem(4 bytes @ 0xE0002000)
T7530 000:180.310   FPUnit: 8 code (BP) slots and 0 literal slots
T7530 000:180.343   CPU_ReadMem(4 bytes @ 0xE000EDFC)
T7530 000:182.887   CPU_ReadMem(4 bytes @ 0xE0001000)
T7530 000:185.455   CPU_ReadMem(4 bytes @ 0xE0001000)
T7530 000:187.937   CPU_ReadMem(4 bytes @ 0xE0001028)
T7530 000:190.524   CPU_ReadMem(4 bytes @ 0xE0001038)
T7530 000:193.094   CPU_ReadMem(4 bytes @ 0xE0001048)
T7530 000:195.547   CPU_ReadMem(4 bytes @ 0xE0001058)
T7530 000:198.097   CPU_WriteMem(4 bytes @ 0xE0001000)
T7530 000:200.707   CPU_ReadMem(4 bytes @ 0xE000ED88)
T7530 000:203.171   CPU_WriteMem(4 bytes @ 0xE000ED88)
T7530 000:205.740   CPU_ReadMem(4 bytes @ 0xE000ED88)
T7530 000:208.353   CPU_WriteMem(4 bytes @ 0xE000ED88)
T7530 000:210.829   CPU_ReadMem(4 bytes @ 0xE000EFB8)
T7530 000:213.338   Security extension: implemented
T7530 000:213.366   Secure debug: enabled
T7530 000:213.373   CoreSight components:
T7530 000:213.388   ROMTbl[0] @ E00FE000
T7530 000:213.397   CPU_ReadMem(64 bytes @ 0xE00FE000)
T7530 000:220.021   CPU_ReadMem(32 bytes @ 0xE0044FE0)
T7530 000:224.357   CPU_ReadMem(4 bytes @ 0xE0044FBC)
T7530 000:227.233   CPU_ReadMem(4 bytes @ 0xE0044FCC)
T7530 000:229.812   [0][0]: E0044000 CID B105900D PID 005BB906 DEVARCH 00000000 DEVTYPE 14 CTI (?)
T7530 000:229.844   CPU_ReadMem(32 bytes @ 0xE0047FE0)
T7530 000:234.216   CPU_ReadMem(4 bytes @ 0xE0047FBC)
T7530 000:237.167   CPU_ReadMem(4 bytes @ 0xE0047FCC)
T7530 000:239.691   [0][1]: E0047000 CID B105900D PID 003BB908 DEVARCH 00000000 DEVTYPE 12 CSTF
T7530 000:239.724   CPU_ReadMem(32 bytes @ 0xE0048FE0)
T7530 000:244.118   CPU_ReadMem(4 bytes @ 0xE0048FBC)
T7530 000:246.510   CPU_ReadMem(4 bytes @ 0xE0048FCC)
T7530 000:248.988   [0][2]: E0048000 CID B105900D PID 001BB961 DEVARCH 00000000 DEVTYPE 21 ETB
T7530 000:249.022   CPU_ReadMem(32 bytes @ 0xE0049FE0)
T7530 000:253.494   [0][3]: E0049000 CID B105F00D PID 001BB101 TSG
T7530 000:253.541   CPU_ReadMem(32 bytes @ 0xE0040FE0)
T7530 000:258.266   CPU_ReadMem(4 bytes @ 0xE0040FBC)
T7530 000:261.225   CPU_ReadMem(4 bytes @ 0xE0040FCC)
T7530 000:263.712   [0][4]: E0040000 CID B105900D PID 000BBD21 DEVARCH 00000000 DEVTYPE 11 TPIU
T7530 000:263.744   CPU_ReadMem(32 bytes @ 0xE00FFFE0)
T7530 000:268.199   [0][5]: E00FF000 CID B105100D PID 000BB4C9 ROM Table
T7530 000:268.238   ROMTbl[1] @ E00FF000
T7530 000:268.255   CPU_ReadMem(64 bytes @ 0xE00FF000)
T7530 000:275.192   CPU_ReadMem(32 bytes @ 0xE000EFE0)
T7530 000:279.509   CPU_ReadMem(4 bytes @ 0xE000EFBC)
T7530 000:282.396   CPU_ReadMem(4 bytes @ 0xE000EFCC)
T7530 000:284.956   [1][0]: E000E000 CID B105900D PID 000BBD21 DEVARCH 47702A04 DEVTYPE 00 Cortex-M33
T7530 000:284.990   CPU_ReadMem(32 bytes @ 0xE0001FE0)
T7530 000:289.353   CPU_ReadMem(4 bytes @ 0xE0001FBC)
T7530 000:291.731   CPU_ReadMem(4 bytes @ 0xE0001FCC)
T7530 000:294.280   [1][1]: E0001000 CID B105900D PID 000BBD21 DEVARCH 47701A02 DEVTYPE 00 DWT
T7530 000:294.312   CPU_ReadMem(32 bytes @ 0xE0002FE0)
T7530 000:298.669   CPU_ReadMem(4 bytes @ 0xE0002FBC)
T7530 000:300.996   CPU_ReadMem(4 bytes @ 0xE0002FCC)
T7530 000:303.561   [1][2]: E0002000 CID B105900D PID 000BBD21 DEVARCH 47701A03 DEVTYPE 00 FPB
T7530 000:303.592   CPU_ReadMem(32 bytes @ 0xE0000FE0)
T7530 000:308.091   CPU_ReadMem(4 bytes @ 0xE0000FBC)
T7530 000:310.984   CPU_ReadMem(4 bytes @ 0xE0000FCC)
T7530 000:313.537   [1][3]: E0000000 CID B105900D PID 000BBD21 DEVARCH 47701A01 DEVTYPE 43 ITM
T7530 000:313.597   CPU_ReadMem(32 bytes @ 0xE0041FE0)
T7530 000:317.983   CPU_ReadMem(4 bytes @ 0xE0041FBC)
T7530 000:320.892   CPU_ReadMem(4 bytes @ 0xE0041FCC)
T7530 000:323.402   [1][5]: E0041000 CID B105900D PID 002BBD21 DEVARCH 47724A13 DEVTYPE 13 ETM
T7530 000:323.445   CPU_ReadMem(32 bytes @ 0xE0042FE0)
T7530 000:327.848   CPU_ReadMem(4 bytes @ 0xE0042FBC)
T7530 000:330.746   CPU_ReadMem(4 bytes @ 0xE0042FCC)
T7530 000:333.334   [1][6]: E0042000 CID B105900D PID 000BBD21 DEVARCH 47701A14 DEVTYPE 14 CSS600-CTI
T7530 000:333.403   CPU_ReadMem(4 bytes @ 0xE000EDF0)
T7530 000:335.822   Data:  01 00 10 01
T7530 000:335.851   Debug reg: DHCSR
T7530 000:335.859 - 241.000ms returns 0
T7530 000:335.883 JLINK_ReadMem(0x400E002C, 0x4 Bytes, ...)
T7530 000:335.899   CPU_ReadMem(4 bytes @ 0x400E002C)
T7530 000:338.354   Data:  02 00 00 00
T7530 000:338.395 - 2.517ms returns 0
T7530 000:338.514 JLINK_ReadMem(0xE000EDF0, 0x4 Bytes, ...)
T7530 000:338.552   CPU_ReadMem(4 bytes @ 0xE000EDF0)
T7530 000:340.944   Data:  01 00 10 01
T7530 000:340.970   Debug reg: DHCSR
T7530 000:340.977 - 2.466ms returns 0
T7530 000:341.012 JLINK_ReadMem(0xE000EDF0, 0x4 Bytes, ...)
T7530 000:341.027   CPU_ReadMem(4 bytes @ 0xE000EDF0)
T7530 000:343.496   Data:  01 00 10 01
T7530 000:343.537   Debug reg: DHCSR
T7530 000:343.545 - 2.535ms returns 0
T7530 000:343.564 JLINK_ReadMem(0x400E001C, 0x4 Bytes, ...)
T7530 000:343.584   CPU_ReadMem(4 bytes @ 0x400E001C)
T7530 000:346.024   Data:  00 3C 00 00
T7530 000:346.059 - 2.498ms returns 0
T7530 000:346.090 JLINK_ReadMem(0xE000EDF0, 0x4 Bytes, ...)
T7530 000:346.112   CPU_ReadMem(4 bytes @ 0xE000EDF0)
T7530 000:348.534   Data:  01 00 10 01
T7530 000:348.576   Debug reg: DHCSR
T7530 000:348.592 - 2.507ms returns 0
T7530 000:348.619 JLINK_ReadMem(0x400E0018, 0x4 Bytes, ...)
T7530 000:348.646   CPU_ReadMem(4 bytes @ 0x400E0018)
T7530 000:351.050   Data:  00 80 00 00
T7530 000:351.079 - 2.463ms returns 0
T7530 000:351.105 JLINK_ReadMem(0xE000EDF0, 0x4 Bytes, ...)
T7530 000:351.121   CPU_ReadMem(4 bytes @ 0xE000EDF0)
T7530 000:353.642   Data:  01 00 10 01
T7530 000:353.687   Debug reg: DHCSR
T7530 000:353.703 - 2.603ms returns 0
T7530 000:353.729 JLINK_ReadMem(0x400E0020, 0x4 Bytes, ...)
T7530 000:353.756   CPU_ReadMem(4 bytes @ 0x400E0020)
T7530 000:356.190   Data:  00 00 00 00
T7530 000:356.221 - 2.494ms returns 0
T7530 000:356.247 JLINK_ReadMem(0xE000EDF0, 0x4 Bytes, ...)
T7530 000:356.263   CPU_ReadMem(4 bytes @ 0xE000EDF0)
T7530 000:358.714   Data:  01 00 10 01
T7530 000:358.741   Debug reg: DHCSR
T7530 000:358.748 - 2.504ms returns 0
T7530 000:358.766 JLINK_ReadMem(0x400E0028, 0x4 Bytes, ...)
T7530 000:358.782   CPU_ReadMem(4 bytes @ 0x400E0028)
T7530 000:361.203   Data:  00 0C 00 00
T7530 000:361.232 - 2.468ms returns 0
T7530 000:361.257 JLINK_ReadMem(0xE000EDF0, 0x4 Bytes, ...)
T7530 000:361.274   CPU_ReadMem(4 bytes @ 0xE000EDF0)
T7530 000:363.719   Data:  01 00 10 01
T7530 000:363.748   Debug reg: DHCSR
T7530 000:363.755 - 2.501ms returns 0
T7530 000:363.774 JLINK_ReadMem(0x400E0024, 0x4 Bytes, ...)
T7530 000:363.789   CPU_ReadMem(4 bytes @ 0x400E0024)
T7530 000:366.310   Data:  00 20 00 00
T7530 000:366.340 - 2.568ms returns 0
T7530 000:366.368 JLINK_ReadMem(0xE000EDF0, 0x4 Bytes, ...)
T7530 000:366.384   CPU_ReadMem(4 bytes @ 0xE000EDF0)
T7530 000:368.824   Data:  01 00 10 01
T7530 000:368.854   Debug reg: DHCSR
T7530 000:368.862 - 2.497ms returns 0
T7530 000:368.881 JLINK_ReadMem(0x400E002C, 0x4 Bytes, ...)
T7530 000:368.897   CPU_ReadMem(4 bytes @ 0x400E002C)
T7530 000:371.446   Data:  02 00 00 00
T7530 000:371.482 - 2.606ms returns 0
T7530 000:371.592 JLINK_ReadMem(0xE000EDF0, 0x4 Bytes, ...)
T7530 000:371.628   CPU_ReadMem(4 bytes @ 0xE000EDF0)
T7530 000:373.939   Data:  01 00 10 01
T7530 000:373.971   Debug reg: DHCSR
T7530 000:373.979 - 2.390ms returns 0
T7530 000:373.995 JLINK_ReadMem(0x400E002C, 0x4 Bytes, ...)
T7530 000:374.012   CPU_ReadMem(4 bytes @ 0x400E002C)
T7530 000:376.472   Data:  02 00 00 00
T7530 000:376.501 - 2.508ms returns 0
T7530 000:376.626 JLINK_ReadMem(0xE000EDF0, 0x4 Bytes, ...)
T7530 000:376.644   CPU_ReadMem(4 bytes @ 0xE000EDF0)
T7530 000:379.023   Data:  01 00 10 01
T7530 000:379.054   Debug reg: DHCSR
T7530 000:379.061 - 2.437ms returns 0
T7530 000:379.077 JLINK_ReadMem(0x400E001C, 0x4 Bytes, ...)
T7530 000:379.092   CPU_ReadMem(4 bytes @ 0x400E001C)
T7530 000:381.568   Data:  00 3C 00 00
T7530 000:381.607 - 2.532ms returns 0
T7530 000:381.632 JLINK_ReadMem(0xE000EDF0, 0x4 Bytes, ...)
T7530 000:381.649   CPU_ReadMem(4 bytes @ 0xE000EDF0)
T7530 000:384.167   Data:  01 00 10 01
T7530 000:384.191   Debug reg: DHCSR
T7530 000:384.199 - 2.569ms returns 0
T7530 000:384.215 JLINK_ReadMem(0x400E0018, 0x4 Bytes, ...)
T7530 000:384.230   CPU_ReadMem(4 bytes @ 0x400E0018)
T7530 000:386.612   Data:  00 80 00 00
T7530 000:386.641 - 2.428ms returns 0
T7530 000:386.667 JLINK_ReadMem(0xE000EDF0, 0x4 Bytes, ...)
T7530 000:386.683   CPU_ReadMem(4 bytes @ 0xE000EDF0)
T7530 000:389.223   Data:  01 00 10 01
T7530 000:389.268   Debug reg: DHCSR
T7530 000:389.285 - 2.624ms returns 0
T7530 000:389.353 JLINK_ReadMem(0x400E0020, 0x4 Bytes, ...)
T7530 000:389.384   CPU_ReadMem(4 bytes @ 0x400E0020)
T7530 000:391.721   Data:  00 00 00 00
T7530 000:391.746 - 2.395ms returns 0
T7530 000:391.771 JLINK_ReadMem(0xE000EDF0, 0x4 Bytes, ...)
T7530 000:391.788   CPU_ReadMem(4 bytes @ 0xE000EDF0)
T7530 000:394.304   Data:  01 00 10 01
T7530 000:394.349   Debug reg: DHCSR
T7530 000:394.364 - 2.598ms returns 0
T7530 000:394.390 JLINK_ReadMem(0x400E0028, 0x4 Bytes, ...)
T7530 000:394.415   CPU_ReadMem(4 bytes @ 0x400E0028)
T7530 000:396.800   Data:  00 0C 00 00
T7530 000:396.829 - 2.441ms returns 0
T7530 000:396.857 JLINK_ReadMem(0xE000EDF0, 0x4 Bytes, ...)
T7530 000:396.873   CPU_ReadMem(4 bytes @ 0xE000EDF0)
T7530 000:399.342   Data:  01 00 10 01
T7530 000:399.371   Debug reg: DHCSR
T7530 000:399.379 - 2.525ms returns 0
T7530 000:399.399 JLINK_ReadMem(0x400E0024, 0x4 Bytes, ...)
T7530 000:399.414   CPU_ReadMem(4 bytes @ 0x400E0024)
T7530 000:401.885   Data:  00 20 00 00
T7530 000:401.925 - 2.531ms returns 0
T7530 000:402.035 JLINK_ReadMem(0xE000EDF0, 0x4 Bytes, ...)
T7530 000:402.070   CPU_ReadMem(4 bytes @ 0xE000EDF0)
T7530 000:404.391   Data:  01 00 10 01
T7530 000:404.418   Debug reg: DHCSR
T7530 000:404.425 - 2.393ms returns 0
T7530 000:404.442 JLINK_ReadMem(0x400E002C, 0x4 Bytes, ...)
T7530 000:404.457   CPU_ReadMem(4 bytes @ 0x400E002C)
T7530 000:406.962   Data:  02 00 00 00
T7530 000:406.991 - 2.552ms returns 0
T7530 000:407.233 JLINK_TIF_GetAvailable(...)
T7530 000:408.491 - 1.281ms
T7530 000:408.527 JLINK_TIF_Select(JLINKARM_TIF_SWD)
T7530 000:408.538 - 0.015ms returns 0x00
T7530 000:408.560 JLINK_SetSpeed(4000)
T7530 000:409.847 - 1.309ms
T7530 000:409.878 JLINK_SetEndian(ARM_ENDIAN_LITTLE)
T7530 000:409.884 - 0.007ms returns 0
T7530 000:409.896 JLINK_SetInitRegsOnReset(OFF)
T7530 000:409.902 - 0.007ms returns 1
T7530 000:409.907 JLINK_SetResetType(JLINKARM_CM3_RESET_TYPE_CONNECT_UNDER_RESET)
T7530 000:409.912 - 0.007ms returns JLINKARM_CM3_RESET_TYPE_NORMAL
T7530 000:409.920 JLINK_ExecCommand("EnableFlashBPs", ...). 
T7530 000:409.927 - 0.002ms returns 0x00
T7530 000:409.934 JLINK_ExecCommand("SetAllowFlashCache = 1", ...). 
T7530 000:409.942 - 0.004ms returns 0x01
T7530 000:409.948 JLINK_ExecCommand("SetRestartOnClose = 0", ...). 
T7530 000:409.955 - 0.003ms returns 0x01
T7530 000:409.961 JLINK_EnableSoftBPs(ON)
T7530 000:409.967 - 0.008ms
T7530 000:409.973 JLINK_Connect()
T7530 000:411.305   ConfigTargetSettings() start
T7530 000:411.347    J-Link Script File: Executing ConfigTargetSettings()
T7530 000:411.361   Configuring FlashDLNoRMWThreshold=0x200 in order to make sure that option bytes programming is done via read-modify-write
T7530 000:431.490   ConfigTargetSettings() end
T7530 000:431.509   InitTarget() start
T7530 000:431.518    J-Link Script File: Executing InitTarget()
T7530 000:431.526   SWD selected. Executing JTAG -> SWD switching sequence.
T7530 000:439.689   DAP initialized successfully.
T7530 000:439.731   Determining TrustZone configuration...
T7530 000:445.366     Secure Debug: Enabled (SSD)
T7530 000:445.395   Determining currently configured transfer type by reading the AHB-AP CSW register.
T7530 000:449.678     --> Correct transfer type configured. Done.
T7530 000:449.720   InitTarget() end
T7530 000:452.574   Found SW-DP with ID 0x6BA02477
T7530 000:461.342   DPIDR: 0x6BA02477
T7530 000:461.383   CoreSight SoC-400 or earlier
T7530 000:461.398   AP map detection skipped. Manually configured AP map found.
T7530 000:461.413   AP[0]: AHB-AP (IDR: Not set)
T7530 000:464.467   AP[0]: Core found
T7530 000:464.511   AP[0]: AHB-AP ROM base: 0xE00FE000
T7530 000:465.888   CPUID register: 0x410FD214. Implementer code: 0x41 (ARM)
T7530 000:465.928   Feature set: Mainline
T7530 000:465.944   Found Cortex-M33 r0p4, Little endian.
T7530 000:466.725   -- Max. mem block: 0x00001908
T7530 000:466.760   CPU_ReadMem(4 bytes @ 0xE000EDF0)
T7530 000:468.446   CPU_ReadMem(4 bytes @ 0xE0002000)
T7530 000:469.836   FPUnit: 8 code (BP) slots and 0 literal slots
T7530 000:469.866   CPU_ReadMem(4 bytes @ 0xE000EDFC)
T7530 000:471.326   CPU_ReadMem(4 bytes @ 0xE0001000)
T7530 000:472.695   CPU_ReadMem(4 bytes @ 0xE0001000)
T7530 000:474.121   CPU_ReadMem(4 bytes @ 0xE0001028)
T7530 000:475.487   CPU_ReadMem(4 bytes @ 0xE0001038)
T7530 000:476.914   CPU_ReadMem(4 bytes @ 0xE0001048)
T7530 000:478.344   CPU_ReadMem(4 bytes @ 0xE0001058)
T7530 000:479.695   CPU_WriteMem(4 bytes @ 0xE0001000)
T7530 000:481.117   CPU_ReadMem(4 bytes @ 0xE000ED88)
T7530 000:482.489   CPU_WriteMem(4 bytes @ 0xE000ED88)
T7530 000:483.953   CPU_ReadMem(4 bytes @ 0xE000ED88)
T7530 000:485.460   CPU_WriteMem(4 bytes @ 0xE000ED88)
T7530 000:486.749   CPU_ReadMem(4 bytes @ 0xE000EFB8)
T7530 000:488.198   Security extension: implemented
T7530 000:488.239   Secure debug: enabled
T7530 000:488.255   CoreSight components:
T7530 000:488.271   ROMTbl[0] @ E00FE000
T7530 000:488.290   CPU_ReadMem(64 bytes @ 0xE00FE000)
T7530 000:490.280   CPU_ReadMem(32 bytes @ 0xE0044FE0)
T7530 000:491.878   CPU_ReadMem(4 bytes @ 0xE0044FBC)
T7530 000:493.478   CPU_ReadMem(4 bytes @ 0xE0044FCC)
T7530 000:494.831   [0][0]: E0044000 CID B105900D PID 005BB906 DEVARCH 00000000 DEVTYPE 14 CTI (?)
T7530 000:494.877   CPU_ReadMem(32 bytes @ 0xE0047FE0)
T7530 000:496.609   CPU_ReadMem(4 bytes @ 0xE0047FBC)
T7530 000:497.648   CPU_ReadMem(4 bytes @ 0xE0047FCC)
T7530 000:499.100   [0][1]: E0047000 CID B105900D PID 003BB908 DEVARCH 00000000 DEVTYPE 12 CSTF
T7530 000:499.132   CPU_ReadMem(32 bytes @ 0xE0048FE0)
T7530 000:500.902   CPU_ReadMem(4 bytes @ 0xE0048FBC)
T7530 000:502.429   CPU_ReadMem(4 bytes @ 0xE0048FCC)
T7530 000:503.912   [0][2]: E0048000 CID B105900D PID 001BB961 DEVARCH 00000000 DEVTYPE 21 ETB
T7530 000:503.947   CPU_ReadMem(32 bytes @ 0xE0049FE0)
T7530 000:505.641   [0][3]: E0049000 CID B105F00D PID 001BB101 TSG
T7530 000:505.684   CPU_ReadMem(32 bytes @ 0xE0040FE0)
T7530 000:507.615   CPU_ReadMem(4 bytes @ 0xE0040FBC)
T7530 000:508.653   CPU_ReadMem(4 bytes @ 0xE0040FCC)
T7530 000:510.015   [0][4]: E0040000 CID B105900D PID 000BBD21 DEVARCH 00000000 DEVTYPE 11 TPIU
T7530 000:510.060   CPU_ReadMem(32 bytes @ 0xE00FFFE0)
T7530 000:511.772   [0][5]: E00FF000 CID B105100D PID 000BB4C9 ROM Table
T7530 000:511.813   ROMTbl[1] @ E00FF000
T7530 000:511.833   CPU_ReadMem(64 bytes @ 0xE00FF000)
T7530 000:514.160   CPU_ReadMem(32 bytes @ 0xE000EFE0)
T7530 000:515.797   CPU_ReadMem(4 bytes @ 0xE000EFBC)
T7530 000:517.334   CPU_ReadMem(4 bytes @ 0xE000EFCC)
T7530 000:518.728   [1][0]: E000E000 CID B105900D PID 000BBD21 DEVARCH 47702A04 DEVTYPE 00 Cortex-M33
T7530 000:518.759   CPU_ReadMem(32 bytes @ 0xE0001FE0)
T7530 000:520.474   CPU_ReadMem(4 bytes @ 0xE0001FBC)
T7530 000:521.558   CPU_ReadMem(4 bytes @ 0xE0001FCC)
T7530 000:522.964   [1][1]: E0001000 CID B105900D PID 000BBD21 DEVARCH 47701A02 DEVTYPE 00 DWT
T7530 000:522.996   CPU_ReadMem(32 bytes @ 0xE0002FE0)
T7530 000:524.758   CPU_ReadMem(4 bytes @ 0xE0002FBC)
T7530 000:526.305   CPU_ReadMem(4 bytes @ 0xE0002FCC)
T7530 000:527.789   [1][2]: E0002000 CID B105900D PID 000BBD21 DEVARCH 47701A03 DEVTYPE 00 FPB
T7530 000:527.830   CPU_ReadMem(32 bytes @ 0xE0000FE0)
T7530 000:529.511   CPU_ReadMem(4 bytes @ 0xE0000FBC)
T7530 000:530.499   CPU_ReadMem(4 bytes @ 0xE0000FCC)
T7530 000:531.952   [1][3]: E0000000 CID B105900D PID 000BBD21 DEVARCH 47701A01 DEVTYPE 43 ITM
T7530 000:532.006   CPU_ReadMem(32 bytes @ 0xE0041FE0)
T7530 000:533.740   CPU_ReadMem(4 bytes @ 0xE0041FBC)
T7530 000:535.367   CPU_ReadMem(4 bytes @ 0xE0041FCC)
T7530 000:536.699   [1][5]: E0041000 CID B105900D PID 002BBD21 DEVARCH 47724A13 DEVTYPE 13 ETM
T7530 000:536.740   CPU_ReadMem(32 bytes @ 0xE0042FE0)
T7530 000:538.494   CPU_ReadMem(4 bytes @ 0xE0042FBC)
T7530 000:539.549   CPU_ReadMem(4 bytes @ 0xE0042FCC)
T7530 000:540.903   [1][6]: E0042000 CID B105900D PID 000BBD21 DEVARCH 47701A14 DEVTYPE 14 CSS600-CTI
T7530 000:540.937 - 130.967ms returns 0x00
T7530 000:540.954 JLINK_ResetPullsRESET(ON)
T7530 000:540.960 - 0.008ms
T7530 000:540.967 JLINK_Halt()
T7530 000:548.756 - 7.818ms returns 0x00
T7530 000:548.800 JLINK_IsHalted()
T7530 000:548.814 - 0.019ms returns TRUE
T7530 000:548.911 JLINK_Reset()
T7530 000:548.963   CPU_WriteMem(4 bytes @ 0xE000EDF0)
T7530 000:550.299   CPU_ReadMem(4 bytes @ 0xE000ED44)
T7530 000:551.619   CPU_ReadMem(4 bytes @ 0xE000EE08)
T7530 000:552.987   CPU_WriteMem(4 bytes @ 0xE000EE08)
T7530 000:554.479   Reset: ARMv8M core with Security Extension enabled detected.
T7530 000:554.523   CPU_WriteMem(4 bytes @ 0xE000EDFC)
T7530 000:555.898   Reset: Halt core after reset via DEMCR.VC_CORERESET.
T7530 000:558.442   Reset: Reset device via AIRCR.SYSRESETREQ.
T7530 000:558.480   CPU_WriteMem(4 bytes @ 0xE000ED0C)
T7530 000:617.860   CPU_ReadMem(4 bytes @ 0xE000EDF0)
T7530 000:619.323   CPU_ReadMem(4 bytes @ 0xE000EDF0)
T7530 000:622.170   CPU_WriteMem(4 bytes @ 0xE000EDFC)
T7530 000:629.399   CPU_ReadMem(4 bytes @ 0xE000EDF0)
T7530 000:638.704   CPU_WriteMem(4 bytes @ 0xE0002000)
T7530 000:640.032   CPU_ReadMem(4 bytes @ 0xE000EDFC)
T7530 000:641.291   CPU_ReadMem(4 bytes @ 0xE0001000)
T7530 000:642.800   CPU_ReadMem(4 bytes @ 0xE000EE08)
T7530 000:644.155 - 95.267ms
T7530 000:644.194 JLINK_SetEndian(ARM_ENDIAN_LITTLE)
T7530 000:644.199 - 0.008ms returns 0
T7530 000:644.293 JLINK_ReadMem(0xE000EDF0, 0x4 Bytes, ...)
T7530 000:644.335   CPU_ReadMem(4 bytes @ 0xE000EDF0)
T7530 000:645.529   Data:  03 00 13 00
T7530 000:645.550   Debug reg: DHCSR
T7530 000:645.558 - 1.267ms returns 0
T7530 000:645.601 JLINK_ReadMem(0x010080F0, 0x10 Bytes, ...)
T7530 000:645.617   CPU_ReadMem(16 bytes @ 0x010080F0)
T7530 000:647.074   Data:  52 37 46 41 36 4D 34 41 46 33 43 46 42 20 20 20
T7530 000:647.100 - 1.501ms returns 0
T7530 000:647.126 JLINK_IsHalted()
T7530 000:647.133 - 0.009ms returns TRUE
T7530 000:647.410 JLINK_ReadMem(0xE000EDF0, 0x4 Bytes, ...)
T7530 000:647.430   CPU_ReadMem(4 bytes @ 0xE000EDF0)
T7530 000:648.964   Data:  03 00 13 00
T7530 000:648.993   Debug reg: DHCSR
T7530 000:649.000 - 1.592ms returns 0
T7530 000:649.015 JLINK_ReadMem(0x400E002C, 0x4 Bytes, ...)
T7530 000:649.031   CPU_ReadMem(4 bytes @ 0x400E002C)
T7530 000:650.318   Data:  02 00 00 00
T7530 000:650.349 - 1.338ms returns 0
T7530 000:650.378 JLINK_MeasureCPUSpeed(RAMAddr = 0x20000000)
T7530 000:650.391   CPU_ReadMem(16 bytes @ 0x20000000)
T7530 000:651.977   CPU_ReadMem(6 bytes @ 0x20000000)
T7530 000:653.228   CPU_ReadMem(4 bytes @ 0xE000ED90)
T7530 000:654.631   CPU_ReadMem(4 bytes @ 0xE000ED94)
T7530 000:655.979   CPU_WriteMem(16 bytes @ 0x20000000)
T7530 000:657.589   CPU_WriteMem(6 bytes @ 0x20000000)
T7530 000:658.850   CPU_ReadMem(6 bytes @ 0x20000000)
T7530 000:660.342   CPU_ReadMem(4 bytes @ 0xE000EE08)
T7530 000:661.511   CPU_WriteMem(4 bytes @ 0xE0002008)
T7530 000:661.546   CPU_WriteMem(4 bytes @ 0xE000200C)
T7530 000:661.554   CPU_WriteMem(4 bytes @ 0xE0002010)
T7530 000:661.562   CPU_WriteMem(4 bytes @ 0xE0002014)
T7530 000:661.570   CPU_WriteMem(4 bytes @ 0xE0002018)
T7530 000:661.578   CPU_WriteMem(4 bytes @ 0xE000201C)
T7530 000:661.586   CPU_WriteMem(4 bytes @ 0xE0002020)
T7530 000:661.594   CPU_WriteMem(4 bytes @ 0xE0002024)
T7530 000:666.137   CPU_WriteMem(4 bytes @ 0xE0001004)
T7530 000:679.771   CPU_ReadMem(4 bytes @ 0xE0001004)
T7530 000:681.082   CPU_ReadMem(4 bytes @ 0xE000EE08)
T7530 000:682.402   CPU_WriteMem(4 bytes @ 0xE0002008)
T7530 000:683.857   CPU_WriteMem(4 bytes @ 0xE000200C)
T7530 000:685.330   CPU_WriteMem(4 bytes @ 0xE0002010)
T7530 000:686.657   CPU_WriteMem(4 bytes @ 0xE0002014)
T7530 000:688.076   CPU_WriteMem(4 bytes @ 0xE0002018)
T7530 000:689.474   CPU_WriteMem(4 bytes @ 0xE000201C)
T7530 000:690.838   CPU_WriteMem(4 bytes @ 0xE0002020)
T7530 000:692.272   CPU_WriteMem(4 bytes @ 0xE0002024)
T7530 000:693.736   CPU_ReadMem(4 bytes @ 0xE000EE08)
T7530 000:695.041   CPU_ReadMem(4 bytes @ 0xE000EE08)
T7530 000:696.487   CPU_WriteMem(4 bytes @ 0xE0001004)
T7530 000:730.909   CPU_ReadMem(4 bytes @ 0xE0001004)
T7530 000:732.131   CPU_WriteMem(6 bytes @ 0x20000000)
T7530 000:733.719   ClockFreq: 2087400 Hz
T7530 000:733.749 - 83.373ms returns 2087400
T7530 000:733.765 JLINK_ReadReg(XPSR)
T7530 000:733.781   CPU_ReadMem(4 bytes @ 0xE000EE08)
T7530 000:734.937 - 1.193ms returns 0xF9000000
TCE8C 001:034.005 JLINK_SetEndian(ARM_ENDIAN_LITTLE)
TCE8C 001:034.053 - 0.056ms returns 0
TCE8C 001:034.434 JLINK_BeginDownload(Flags = 0x00000000)
TCE8C 001:034.473 - 0.046ms
TCE8C 001:050.753 JLINK_ReadMem(0xE000EDF0, 0x4 Bytes, ...)
TCE8C 001:050.803   CPU_ReadMem(4 bytes @ 0xE000EDF0)
TCE8C 001:052.089   Data:  03 00 13 00
TCE8C 001:052.120   Debug reg: DHCSR
TCE8C 001:052.129 - 1.378ms returns 0
TCE8C 001:052.759 JLINK_WriteMem(0x00000000, 0xBE0 Bytes, ...)
TCE8C 001:052.785   Data:  20 09 00 20 49 2B 00 00 75 29 00 00 45 2B 00 00 ...
TCE8C 001:053.098   completely In flash
TCE8C 001:053.109 - 0.353ms returns 0xBE0
TCE8C 001:053.481 JLINK_WriteMem(0x00000BE0, 0xBA0 Bytes, ...)
TCE8C 001:053.506   Data:  00 F0 A6 FA 01 21 0C 20 01 F0 90 FE 70 B0 10 BD ...
TCE8C 001:053.521   completely In flash
TCE8C 001:053.530 - 0.052ms returns 0xBA0
TCE8C 001:053.721 JLINK_WriteMem(0x00001780, 0xBC0 Bytes, ...)
TCE8C 001:053.734   Data:  12 68 1E 60 C3 F8 04 80 90 47 06 46 00 28 40 F0 ...
TCE8C 001:053.754   completely In flash
TCE8C 001:053.763 - 0.044ms returns 0xBC0
TCE8C 001:053.952 JLINK_WriteMem(0x00002340, 0xBA0 Bytes, ...)
TCE8C 001:053.964   Data:  01 0F 08 BF 42 F0 40 02 93 F8 04 C0 0C F0 C7 0C ...
TCE8C 001:053.981   completely In flash
TCE8C 001:053.990 - 0.040ms returns 0xBA0
TCE8C 001:054.174 JLINK_WriteMem(0x00002EE0, 0xB70 Bytes, ...)
TCE8C 001:054.186   Data:  01 20 A5 E7 00 23 01 34 4F F0 0A 0C 19 46 05 93 ...
TCE8C 001:054.197   completely In flash
TCE8C 001:054.206 - 0.035ms returns 0xB70
TCE8C 001:054.393 JLINK_WriteMem(0x00003A50, 0xD4 Bytes, ...)
TCE8C 001:054.407   Data:  B4 35 00 00 D6 1D 00 00 3F 01 00 00 30 75 00 00 ...
TCE8C 001:054.417   completely In flash
TCE8C 001:054.427 - 0.037ms returns 0xD4
TCE8C 001:054.961 JLINK_WriteMem(0x0100A100, 0x14 Bytes, ...)
TCE8C 001:054.984   Data:  FF FF FF FF FF FF FF FF FF FF FF FF FF FF FF FF ...
TCE8C 001:055.258   completely In flash
TCE8C 001:055.271 - 0.312ms returns 0x14
TCE8C 001:055.763 JLINK_WriteMem(0x0100A134, 0x4 Bytes, ...)
TCE8C 001:055.782   Data:  FF FF FF FF
TCE8C 001:055.798   completely In flash
TCE8C 001:055.808 - 0.049ms returns 0x4
TCE8C 001:056.277 JLINK_WriteMem(0x0100A200, 0xD0 Bytes, ...)
TCE8C 001:056.302   Data:  FF FD FF FF FF FF FF FF FF FF FF FF FF FF FF FF ...
TCE8C 001:056.319   completely In flash
TCE8C 001:056.330 - 0.056ms returns 0xD0
TCE8C 001:079.505 JLINK_EndDownload()
TCE8C 001:079.547   Old firmware which does not support pausing periodic actions during flash download
TCE8C 001:079.563   CPU_ReadMem(4 bytes @ 0xE000ED90)
TCE8C 001:080.741   CPU_ReadMem(4 bytes @ 0xE000ED94)
TCE8C 001:082.211    -- --------------------------------------
TCE8C 001:082.246   Flash bank @ 0x0100A100: Default: L2 verify disabled because algorithm performs L1 verify
TCE8C 001:082.257    -- Start of determining dirty areas in flash cache
TCE8C 001:082.272    -- Filling invalid ranges in sector buffer (flash cache) for sector @ 0x0100A100 if necessary
TCE8C 001:082.284    -- Filling invalid ranges in sector buffer (flash cache) for sector @ 0x0100A110 if necessary
TCE8C 001:082.305    -- Filling invalid ranges in sector buffer (flash cache) for sector @ 0x0100A130 if necessary
TCE8C 001:082.317    -- Filling invalid ranges in sector buffer (flash cache) for sector @ 0x0100A200 if necessary
TCE8C 001:082.328    -- Filling invalid ranges in sector buffer (flash cache) for sector @ 0x0100A210 if necessary
TCE8C 001:082.339    -- Filling invalid ranges in sector buffer (flash cache) for sector @ 0x0100A220 if necessary
TCE8C 001:082.349    -- Filling invalid ranges in sector buffer (flash cache) for sector @ 0x0100A230 if necessary
TCE8C 001:082.360    -- Filling invalid ranges in sector buffer (flash cache) for sector @ 0x0100A240 if necessary
TCE8C 001:082.371    -- Filling invalid ranges in sector buffer (flash cache) for sector @ 0x0100A250 if necessary
TCE8C 001:082.381    -- Filling invalid ranges in sector buffer (flash cache) for sector @ 0x0100A260 if necessary
TCE8C 001:082.391    -- Filling invalid ranges in sector buffer (flash cache) for sector @ 0x0100A270 if necessary
TCE8C 001:082.402    -- Filling invalid ranges in sector buffer (flash cache) for sector @ 0x0100A280 if necessary
TCE8C 001:082.412    -- Filling invalid ranges in sector buffer (flash cache) for sector @ 0x0100A290 if necessary
TCE8C 001:082.423    -- Filling invalid ranges in sector buffer (flash cache) for sector @ 0x0100A2A0 if necessary
TCE8C 001:082.433    -- Filling invalid ranges in sector buffer (flash cache) for sector @ 0x0100A2B0 if necessary
TCE8C 001:082.444    -- Filling invalid ranges in sector buffer (flash cache) for sector @ 0x0100A2C0 if necessary
TCE8C 001:082.459    -- End of determining dirty areas
TCE8C 001:082.479    -- Start of preparing flash programming
TCE8C 001:082.499    -- Calculating RAM usage
TCE8C 001:082.671    -- RAM usage = 3476 Bytes
TCE8C 001:082.688    -- Preserving CPU registers
TCE8C 001:123.397    -- Determining CPU clock frequency
TCE8C 001:210.558    -- Preparing target
TCE8C 001:210.604    -- Preserving target RAM temporarily used for programming
TCE8C 001:251.599    -- Downloading RAMCode
TCE8C 001:298.280    -- Preparing RAMCode
TCE8C 001:326.189    -- Checking target RAM
TCE8C 001:328.715    -- CPU frequency = 100000 kHz
TCE8C 001:328.744    -- End of preparing flash programming
TCE8C 001:328.926   Looking for J-Link GUI Server exe at: C:\Users\Arducam\.eclipse\com.renesas.platform_732008132\DebugComp\RA\ARM\Segger_v7.84.4\JLinkGUIServer.exe
TCE8C 001:329.094   Looking for J-Link GUI Server exe at: D:\Program Files (x86)\SEGGER\JLink\JLinkGUIServer.exe
TCE8C 001:329.124   Forking J-Link GUI Server: D:\Program Files (x86)\SEGGER\JLink\JLinkGUIServer.exe
TCE8C 001:363.794   J-Link GUI Server info: "J-Link GUI server V6.88c "
TCE8C 001:421.385    -- CPU is running at 100000 kHz.
TCE8C 001:421.433    -- Start of comparing flash
TCE8C 001:421.454    -- CRC check was estimated as fastest method
TCE8C 001:472.485    -- Comparing range 0x100A100 - 0x100A11F (2 Sectors, 32 Bytes), using multi-block CRC calculation
TCE8C 001:487.886    -- All CRCs match
TCE8C 001:488.231    -- Comparing range 0x100A130 - 0x100A13F (1 Sector, 16 Bytes), using multi-block CRC calculation
TCE8C 001:495.963    -- All CRCs match
TCE8C 001:499.487    -- Comparing range 0x100A200 - 0x100A2CF (13 Sectors, 208 Bytes), using multi-block CRC calculation
TCE8C 001:511.967    -- All CRCs match
TCE8C 001:512.299    -- Comparing range 0x100A100 - 0x100A11F (2 Sectors, 32 Bytes), using alternative multi-block CRC calculation
TCE8C 001:520.656    -- All CRCs match
TCE8C 001:520.909    -- Comparing range 0x100A130 - 0x100A13F (1 Sector, 16 Bytes), using alternative multi-block CRC calculation
TCE8C 001:527.846    -- All CRCs match
TCE8C 001:528.239    -- Comparing range 0x100A200 - 0x100A2CF (13 Sectors, 208 Bytes), using alternative multi-block CRC calculation
TCE8C 001:536.315    -- All CRCs match
TCE8C 001:536.357    -- End of comparing flash
TCE8C 001:536.379    -- Start of erasing sectors
TCE8C 001:536.398    -- End of erasing sectors
TCE8C 001:536.524    -- Start of flash programming
TCE8C 001:536.543    -- End of flash programming
TCE8C 001:536.561    -- Start of restoring
TCE8C 001:536.581    -- Restoring RAMCode
TCE8C 001:547.511    -- Restoring target memory
TCE8C 001:583.493    -- Restore target
TCE8C 001:583.542    -- Restoring CPU registers
TCE8C 001:584.868    -- End of restoring
TCE8C 001:584.900    -- Bank 0 @ 0x0100A100: Skipped. Contents already match
TCE8C 001:584.909    -- Bank 0 @ 0x0100A100: Skipped. Contents already match
TCE8C 001:592.279    -- --------------------------------------
TCE8C 001:592.321   Flash bank @ 0x00000000: Default: L2 verify disabled because algorithm performs L1 verify
TCE8C 001:592.330    -- Start of determining dirty areas in flash cache
TCE8C 001:592.341    -- Filling invalid ranges in sector buffer (flash cache) for sector @ 0x00000000 if necessary
TCE8C 001:592.351    -- Filling invalid ranges in sector buffer (flash cache) for sector @ 0x00002000 if necessary
TCE8C 001:592.477    -- End of determining dirty areas
TCE8C 001:592.487    -- Start of preparing flash programming
TCE8C 001:592.507    -- Calculating RAM usage
TCE8C 001:592.526    -- RAM usage = 3476 Bytes
TCE8C 001:592.536    -- Preserving CPU registers
TCE8C 001:592.585    -- Determining CPU clock frequency
TCE8C 001:663.354    -- Preparing target
TCE8C 001:663.390    -- Preserving target RAM temporarily used for programming
TCE8C 001:704.414    -- Downloading RAMCode
TCE8C 001:753.344    -- Preparing RAMCode
TCE8C 001:779.373    -- Checking target RAM
TCE8C 001:781.783    -- CPU frequency = 100000 kHz
TCE8C 001:781.833    -- End of preparing flash programming
TCE8C 001:784.887    -- CPU is running at 100000 kHz.
TCE8C 001:784.937    -- Start of comparing flash
TCE8C 001:784.949    -- CRC check was estimated as fastest method
TCE8C 001:812.875    -- Comparing range 0x0000 - 0x3FFF (2 Sectors, 16 KB), using multi-block CRC calculation
TCE8C 001:829.612    -- All CRCs match
TCE8C 001:830.423    -- Comparing range 0x0000 - 0x3FFF (2 Sectors, 16 KB), using alternative multi-block CRC calculation
TCE8C 001:845.053    -- All CRCs match
TCE8C 001:845.109    -- End of comparing flash
TCE8C 001:845.128    -- Start of erasing sectors
TCE8C 001:845.143    -- End of erasing sectors
TCE8C 001:845.159    -- Start of flash programming
TCE8C 001:845.174    -- End of flash programming
TCE8C 001:845.190    -- Start of restoring
TCE8C 001:845.206    -- Restoring RAMCode
TCE8C 001:857.424    -- Restoring target memory
TCE8C 001:893.405    -- Restore target
TCE8C 001:893.436    -- Restoring CPU registers
TCE8C 001:894.714    -- End of restoring
TCE8C 001:894.729    -- Bank 1 @ 0x00000000: Skipped. Contents already match
TCE8C 001:894.738    -- Bank 1 @ 0x00000000: Skipped. Contents already match
TCE8C 001:908.655 - 829.184ms returns 0 (0x0)
TCE8C 001:909.700 JLINK_WriteReg(R15 (PC), 0x00002B48)
TCE8C 001:909.744 - 0.048ms returns 0
TCE8C 001:909.758 JLINK_WriteReg(XPSR, 0x01000000)
TCE8C 001:909.766 - 0.012ms returns 0
TCE8C 001:909.782 JLINK_ResetPullsRESET(ON)
TCE8C 001:909.790 - 0.010ms
TCE8C 001:909.798 JLINK_Halt()
TCE8C 001:911.149 - 1.380ms returns 0x00
TCE8C 001:911.189 JLINK_IsHalted()
TCE8C 001:911.198 - 0.012ms returns TRUE
TCE8C 001:911.207 JLINK_Reset()
TCE8C 001:911.231   CPU_WriteMem(4 bytes @ 0xE000EDF0)
TCE8C 001:912.656   CPU_ReadMem(4 bytes @ 0xE000ED44)
TCE8C 001:913.938   CPU_ReadMem(4 bytes @ 0xE000EE08)
TCE8C 001:915.353   CPU_WriteMem(4 bytes @ 0xE000EE08)
TCE8C 001:916.792   Reset: ARMv8M core with Security Extension enabled detected.
TCE8C 001:916.831   CPU_WriteMem(4 bytes @ 0xE000EDFC)
TCE8C 001:918.202   Reset: Halt core after reset via DEMCR.VC_CORERESET.
TCE8C 001:920.772   Reset: Reset device via AIRCR.SYSRESETREQ.
TCE8C 001:920.815   CPU_WriteMem(4 bytes @ 0xE000ED0C)
TCE8C 001:979.718   CPU_ReadMem(4 bytes @ 0xE000EDF0)
TCE8C 001:981.077   CPU_ReadMem(4 bytes @ 0xE000EDF0)
TCE8C 001:982.456   CPU_WriteMem(4 bytes @ 0xE000EDFC)
TCE8C 001:989.042   CPU_ReadMem(4 bytes @ 0xE000EDF0)
TCE8C 001:998.435   CPU_WriteMem(4 bytes @ 0xE0002000)
TCE8C 001:999.762   CPU_ReadMem(4 bytes @ 0xE000EDFC)
TCE8C 002:001.205   CPU_ReadMem(4 bytes @ 0xE0001000)
TCE8C 002:002.612   CPU_ReadMem(4 bytes @ 0xE000EE08)
TCE8C 002:003.924 - 92.739ms
TCE8C 002:003.963 JLINK_SetEndian(ARM_ENDIAN_LITTLE)
TCE8C 002:003.969 - 0.008ms returns 0
TCE8C 002:004.727 JLINK_ResetPullsRESET(ON)
TCE8C 002:004.752 - 0.028ms
TCE8C 002:004.759 JLINK_Halt()
TCE8C 002:004.767 - 0.010ms returns 0x00
TCE8C 002:004.773 JLINK_IsHalted()
TCE8C 002:004.781 - 0.010ms returns TRUE
TCE8C 002:004.787 JLINK_Reset()
TCE8C 002:004.805   CPU_WriteMem(4 bytes @ 0xE000EDF0)
TCE8C 002:005.983   CPU_ReadMem(4 bytes @ 0xE000ED44)
TCE8C 002:007.328   CPU_ReadMem(4 bytes @ 0xE000EE08)
TCE8C 002:008.738   CPU_WriteMem(4 bytes @ 0xE000EE08)
TCE8C 002:010.190   Reset: ARMv8M core with Security Extension enabled detected.
TCE8C 002:010.240   CPU_WriteMem(4 bytes @ 0xE000EDFC)
TCE8C 002:011.568   Reset: Halt core after reset via DEMCR.VC_CORERESET.
TCE8C 002:014.144   Reset: Reset device via AIRCR.SYSRESETREQ.
TCE8C 002:014.183   CPU_WriteMem(4 bytes @ 0xE000ED0C)
TCE8C 002:072.286   CPU_ReadMem(4 bytes @ 0xE000EDF0)
TCE8C 002:073.934   CPU_ReadMem(4 bytes @ 0xE000EDF0)
TCE8C 002:075.267   CPU_WriteMem(4 bytes @ 0xE000EDFC)
TCE8C 002:082.063   CPU_ReadMem(4 bytes @ 0xE000EDF0)
TCE8C 002:091.268   CPU_WriteMem(4 bytes @ 0xE0002000)
TCE8C 002:092.597   CPU_ReadMem(4 bytes @ 0xE000EDFC)
TCE8C 002:093.936   CPU_ReadMem(4 bytes @ 0xE0001000)
TCE8C 002:095.293   CPU_ReadMem(4 bytes @ 0xE000EE08)
TCE8C 002:096.668 - 91.905ms
TCE8C 002:096.706 JLINK_SetEndian(ARM_ENDIAN_LITTLE)
TCE8C 002:096.712 - 0.008ms returns 0
TCE8C 002:116.763 JLINK_ReadMem(0x00002B48, 0x4 Bytes, ...)
TCE8C 002:116.824    -- Read from flash cache (4 bytes @ 0x00002B48)
TCE8C 002:116.848   Data:  08 B5 00 F0
TCE8C 002:116.871 - 0.115ms returns 0
TCE8C 002:506.709 JLINK_FindBP(Addr = 0x000011D4)
TCE8C 002:506.755 - 0.049ms returns 0
TCE8C 002:506.808 JLINK_GetNumBPUnits(Type = 0xFFFFFF00)
TCE8C 002:506.823 - 0.019ms returns 0x08
TCE8C 002:506.832 JLINK_GetNumWPUnits()
TCE8C 002:506.842 - 0.014ms returns 4
TCE8C 002:506.851 JLINK_GetNumWPUnits()
TCE8C 002:506.857 - 0.010ms returns 4
TCE8C 002:506.873 JLINK_GetNumBPUnits(Type = 0xFFFFFF00)
TCE8C 002:506.882 - 0.014ms returns 0x08
TCE8C 002:506.892 JLINK_GetNumWPUnits()
TCE8C 002:506.899 - 0.010ms returns 4
TCE8C 002:506.909 JLINK_GetNumWPUnits()
TCE8C 002:506.918 - 0.012ms returns 4
TCE8C 002:506.935 JLINK_GetNumBPUnits(Type = 0xFFFFFF00)
TCE8C 002:506.944 - 0.012ms returns 0x08
TCE8C 002:506.952 JLINK_GetNumWPUnits()
TCE8C 002:506.959 - 0.012ms returns 4
TCE8C 002:506.971 JLINK_GetNumWPUnits()
TCE8C 002:506.978 - 0.010ms returns 4
TCE8C 002:507.059 JLINK_SetBPEx(Addr = 0x000011D4, Type = 0xFFFFFF00)
TCE8C 002:507.077 - 0.025ms returns 0x00000001
TCE8C 002:507.096 JLINK_ClrBPEx(BPHandle = 0x00000001)
TCE8C 002:507.106 - 0.013ms returns 0x00
TCE8C 002:523.046 JLINK_SetBPEx(Addr = 0x000011D4, Type = 0xFFFFFF00)
TCE8C 002:523.100 - 0.058ms returns 0x00000002
TCE8C 002:627.185 JLINK_ReadRegs(NumRegs = 22, Indexes: 0, 1, 2, 3, 4, 5, 6, 7, 8, 9, 10, 11, 12, 13, 14, 15, 16, 17, 18, 86, 87, 20)
TCE8C 002:627.242   CPU_ReadMem(4 bytes @ 0xE000EE08)
TCE8C 002:628.600    -- R0=0x00, R1=0x00, R2=0x00, R3=0x00, R4=0x00, R5=0x00, R6=0x00, R7=0x00, R8=0xF9FCF942, R9=0xB495B213, R10=0xE87209E5, R11=0x702BE5F4, R12=0x2003D888, R13 (SP)=0x20000920, R14=0xFFFFFFFF, R15 (PC)=0x2B48, XPSR=0xF9000000, MSP=0x20000920, PSP=0x00, MSPLIM=0x00, PSPLIM=0x00, CFBP=0x00
TCE8C 002:628.647 - 1.466ms returns 0x00
TCE8C 002:629.056 JLINK_ReadMem(0x00002B48, 0x4 Bytes, ...)
TCE8C 002:629.095    -- Read from flash cache (4 bytes @ 0x00002B48)
TCE8C 002:629.108   Data:  08 B5 00 F0
TCE8C 002:629.118 - 0.066ms returns 0
TD3D8 002:645.029 JLINK_GetNumBPUnits(Type = 0xFFFFFF00)
TD3D8 002:645.071 - 0.046ms returns 0x08
TD3D8 002:645.081 JLINK_GetNumWPUnits()
TD3D8 002:645.089 - 0.018ms returns 4
TD3D8 002:645.108 JLINK_GetNumWPUnits()
TD3D8 002:645.115 - 0.010ms returns 4
TD3D8 002:645.484 JLINK_GetNumBPUnits(Type = 0xFFFFFF00)
TD3D8 002:645.525 - 0.045ms returns 0x08
TD3D8 002:645.534 JLINK_GetNumWPUnits()
TD3D8 002:645.541 - 0.010ms returns 4
TD3D8 002:645.549 JLINK_GetNumWPUnits()
TD3D8 002:645.556 - 0.009ms returns 4
TD3D8 002:645.937 JLINK_GetNumBPUnits(Type = 0xFFFFFF00)
TD3D8 002:645.971 - 0.037ms returns 0x08
TD3D8 002:645.980 JLINK_GetNumWPUnits()
TD3D8 002:645.987 - 0.010ms returns 4
TD3D8 002:645.994 JLINK_GetNumWPUnits()
TD3D8 002:646.001 - 0.010ms returns 4
TD3D8 002:647.130 JLINK_GetNumBPUnits(Type = 0xFFFFFF00)
TD3D8 002:647.166 - 0.041ms returns 0x08
TD3D8 002:647.176 JLINK_GetNumWPUnits()
TD3D8 002:647.185 - 0.011ms returns 4
TD3D8 002:647.193 JLINK_GetNumWPUnits()
TD3D8 002:647.203 - 0.013ms returns 4
TD3D8 002:647.993 JLINK_ReadReg(XPSR)
TD3D8 002:649.194 - 1.226ms returns 0xF9000000
TD3D8 002:649.232 JLINK_ReadReg(R15 (PC))
TD3D8 002:649.242 - 0.013ms returns 0x00002B48
TD3D8 002:649.711 JLINK_GetNumBPUnits(Type = 0xFFFFFF00)
TD3D8 002:649.749 - 0.043ms returns 0x08
TD3D8 002:649.760 JLINK_GetNumWPUnits()
TD3D8 002:649.769 - 0.012ms returns 4
TD3D8 002:649.779 JLINK_GetNumWPUnits()
TD3D8 002:649.788 - 0.012ms returns 4
TD3D8 002:650.105 JLINK_GetNumBPUnits(Type = 0xFFFFFF00)
TD3D8 002:650.138 - 0.037ms returns 0x08
TD3D8 002:650.147 JLINK_GetNumWPUnits()
TD3D8 002:650.154 - 0.010ms returns 4
TD3D8 002:650.161 JLINK_GetNumWPUnits()
TD3D8 002:650.168 - 0.009ms returns 4
TD3D8 002:650.443 JLINK_GetNumBPUnits(Type = 0xFFFFFF00)
TD3D8 002:650.469 - 0.029ms returns 0x08
TD3D8 002:650.479 JLINK_GetNumWPUnits()
TD3D8 002:650.486 - 0.010ms returns 4
TD3D8 002:650.494 JLINK_GetNumWPUnits()
TD3D8 002:650.503 - 0.014ms returns 4
TD3D8 002:650.883 JLINK_GetNumBPUnits(Type = 0xFFFFFF00)
TD3D8 002:650.918 - 0.040ms returns 0x08
TD3D8 002:650.929 JLINK_GetNumWPUnits()
TD3D8 002:650.936 - 0.011ms returns 4
TD3D8 002:650.945 JLINK_GetNumWPUnits()
TD3D8 002:650.952 - 0.010ms returns 4
T7530 017:996.625 JLINK_ClrBPEx(BPHandle = 0x00000002)
T7530 017:997.961 - 1.357ms returns 0x00
T7530 017:998.012 JLINK_Halt()
T7530 017:998.018 - 0.009ms returns 0x00
T7530 017:998.029 JLINK_ReadReg(XPSR)
T7530 017:998.045 - 0.019ms returns 0xF9000000
T7530 018:007.654 JLINK_Close()
T7530 018:008.740   CPU_WriteMem(4 bytes @ 0xE0002008)
T7530 018:008.775   CPU_WriteMem(4 bytes @ 0xE000200C)
T7530 018:008.786   CPU_WriteMem(4 bytes @ 0xE0002010)
T7530 018:008.797   CPU_WriteMem(4 bytes @ 0xE0002014)
T7530 018:008.807   CPU_WriteMem(4 bytes @ 0xE0002018)
T7530 018:008.817   CPU_WriteMem(4 bytes @ 0xE000201C)
T7530 018:008.828   CPU_WriteMem(4 bytes @ 0xE0002020)
T7530 018:008.838   CPU_WriteMem(4 bytes @ 0xE0002024)
T7530 018:065.553 - 57.930ms
T7530 018:065.589   
T7530 018:065.595   Closed
